<?xml version="1.0" encoding="UTF-8"?>
<!-- Generated by org.testng.reporters.JUnitReportReporter -->
<testsuite hostname="LAPTOP-2OII0J81" failures="0" tests="1" name="com.inetBanking.testCases.CreateNewCustomerTest" time="17.795" errors="0" timestamp="2023-12-07T09:53:42 IST" skipped="0">
  <testcase classname="com.inetBanking.testCases.CreateNewCustomerTest" name="createcustomer" time="17.795"/>
  <system-out/>
</testsuite> <!-- com.inetBanking.testCases.CreateNewCustomerTest -->
