<?xml version="1.0" encoding="UTF-8"?>
<!-- Generated by org.testng.reporters.JUnitReportReporter -->
<testsuite hostname="LAPTOP-2OII0J81" failures="0" tests="1" name="com.inetBanking.testCases.DeletecustomerTest" time="19.856" errors="0" timestamp="2023-12-07T10:55:38 IST" skipped="0">
  <testcase classname="com.inetBanking.testCases.DeletecustomerTest" name="deletecustomer" time="19.856"/>
  <system-out/>
</testsuite> <!-- com.inetBanking.testCases.DeletecustomerTest -->
